INFO:sim:172 - Generating IP...
Resolving generics for 'ram_256x16b'...
Applying external generics to 'ram_256x16b'...
Delivering associated files for 'ram_256x16b'...
Delivering EJava files for 'ram_256x16b'...
Generating implementation netlist for 'ram_256x16b'...
INFO:sim - Pre-processing HDL files for 'ram_256x16b'...
Running synthesis for 'ram_256x16b'
Running ngcbuild...
Writing VEO instantiation template for 'ram_256x16b'...
Writing Verilog behavioral simulation model for 'ram_256x16b'...
WARNING:sim - Overwriting existing file
   C:/Users/Vinh/Documents/Vu_301/Lab8/Lab8/ipcore_dir/tmp/_cg/ram_256x16b/doc/b
   lk_mem_gen_v7_3_vinfo.html with file from view xilinx_documentation
Delivered 1 file into directory
C:/Users/Vinh/Documents/Vu_301/Lab8/Lab8/ipcore_dir/tmp/_cg/ram_256x16b
Generating ASY schematic symbol...
INFO:sim:949 - Finished generation of ASY schematic symbol.
Generating SYM schematic symbol for 'ram_256x16b'...
Generating metadata file...
Generating ISE project file for 'ram_256x16b'...
Generating ISE project...
XCO file found: ram_256x16b.xco
XMDF file found: ram_256x16b_xmdf.tcl
Adding
C:/Users/Vinh/Documents/Vu_301/Lab8/Lab8/ipcore_dir/tmp/_cg/ram_256x16b.asy
-view all -origin_type imported
Adding
C:/Users/Vinh/Documents/Vu_301/Lab8/Lab8/ipcore_dir/tmp/_cg/ram_256x16b.ngc
-view all -origin_type created
Checking file
"C:/Users/Vinh/Documents/Vu_301/Lab8/Lab8/ipcore_dir/tmp/_cg/ram_256x16b.ngc"
for project device match ...
File
"C:/Users/Vinh/Documents/Vu_301/Lab8/Lab8/ipcore_dir/tmp/_cg/ram_256x16b.ngc"
device information matches project device.
Adding
C:/Users/Vinh/Documents/Vu_301/Lab8/Lab8/ipcore_dir/tmp/_cg/ram_256x16b.sym
-view all -origin_type imported
Adding C:/Users/Vinh/Documents/Vu_301/Lab8/Lab8/ipcore_dir/tmp/_cg/ram_256x16b.v
-view all -origin_type created
INFO:HDLCompiler:1845 - Analyzing Verilog file
   "C:/Users/Vinh/Documents/Vu_301/Lab8/Lab8/ipcore_dir/tmp/_cg/ram_256x16b.v"
   into library work
INFO:ProjectMgmt - Parsing design hierarchy completed successfully.
Adding
C:/Users/Vinh/Documents/Vu_301/Lab8/Lab8/ipcore_dir/tmp/_cg/ram_256x16b.veo
-view all -origin_type imported
INFO:TclTasksC:2116 - The automatic calculation of top has been turned-off.
   Please set the new top explicitly by running the "project set top" command.
   To re-calculate the new top automatically, set the "Auto Implementation Top"
   property to true.
Top level has been set to "/ram_256x16b"
Generating README file...
Generating FLIST file...
INFO:sim:948 - Finished FLIST file generation.
Launching README viewer...
Moving files to output directory...
Finished moving files to output directory
Wrote CGP file for project 'ram_256x16b'.
