Running: C:\Xilinx\14.7\ISE_DS\ISE\bin\nt64\unwrapped\fuse.exe -intstyle ise -incremental -lib unisims_ver -lib unimacro_ver -lib xilinxcorelib_ver -lib secureip -o C:/Users/Zachery Takkesh/Desktop/Lab5/lab5_tb_isim_beh.exe -prj C:/Users/Zachery Takkesh/Desktop/Lab5/lab5_tb_beh.prj work.lab5_tb work.glbl 
ISim P.20131013 (signature 0x7708f090)
Number of CPUs detected in this system: 4
Turning on mult-threading, number of parallel sub-compilation jobs: 8 
Determining compilation order of HDL files
Analyzing Verilog file "C:/Users/Zachery Takkesh/Desktop/Lab5/reg16.v" into library work
Analyzing Verilog file "C:/Users/Zachery Takkesh/Desktop/Lab5/decoder3_to_8.v" into library work
Analyzing Verilog file "C:/Users/Zachery Takkesh/Desktop/Lab5/register_file.v" into library work
Analyzing Verilog file "C:/Users/Zachery Takkesh/Desktop/Lab5/lab5_tb.v" into library work
Analyzing Verilog file "C:/Xilinx/14.7/ISE_DS/ISE//verilog/src/glbl.v" into library work
Starting static elaboration
Completed static elaboration
Compiling module decoder3_to_8
Compiling module reg16
Compiling module register_file
Compiling module lab5_tb
Compiling module glbl
Time Resolution for simulation is 100fs.
Waiting for 1 sub-compilation(s) to finish...
WARNING:Simulator - Unable to copy libPortabilityNOSH.dll to the simulation executable directory: boost::filesystem::copy_file: The system cannot find the path specified, "isim\lab5_tb_isim_beh.exe.sim\libPortability.dll".
Compiled 5 Verilog Units
Built simulation executable C:/Users/Zachery Takkesh/Desktop/Lab5/lab5_tb_isim_beh.exe
Fuse Memory Usage: 26952 KB
Fuse CPU Usage: 327 ms
