Running: fuse.exe -relaunch -intstyle "ise" -incremental -lib "unisims_ver" -lib "unimacro_ver" -lib "xilinxcorelib_ver" -lib "secureip" -o "C:/Users/Zachery Takkesh/Desktop/301/xilinx/Lab2/sequence_detector_010110_tb_isim_beh.exe" -prj "C:/Users/Zachery Takkesh/Desktop/301/xilinx/Lab2/sequence_detector_010110_tb_beh.prj" "work.sequence_detector_010110_tb" "work.glbl" 
ISim P.20131013 (signature 0x7708f090)
Number of CPUs detected in this system: 4
Turning on mult-threading, number of parallel sub-compilation jobs: 8 
Determining compilation order of HDL files
Analyzing Verilog file "C:/Users/Zachery Takkesh/Desktop/301/xilinx/Lab2/dff.v" into library work
Analyzing Verilog file "C:/Users/Zachery Takkesh/Desktop/301/xilinx/Lab2/sequence_detector_010110.v" into library work
Analyzing Verilog file "C:/Users/Zachery Takkesh/Desktop/301/xilinx/Lab2/sequence_detector_010110_tb.v" into library work
Analyzing Verilog file "C:/Xilinx/14.7/ISE_DS/ISE//verilog/src/glbl.v" into library work
Starting static elaboration
Completed static elaboration
Compiling module dff
Compiling module sequence_detector_010110
Compiling module sequence_detector_010110_tb
Compiling module glbl
Time Resolution for simulation is 100fs.
WARNING:Simulator - Unable to copy libPortabilityNOSH.dll to the simulation executable directory: boost::filesystem::copy_file: The system cannot find the path specified, "isim\sequence_detector_010110_tb_isim_beh.exe.sim\libPortability.dll".
Compiled 4 Verilog Units
Built simulation executable C:/Users/Zachery Takkesh/Desktop/301/xilinx/Lab2/sequence_detector_010110_tb_isim_beh.exe
Fuse Memory Usage: 28524 KB
Fuse CPU Usage: 437 ms
